{
  "stats": {
    "suites": 1,
    "tests": 1,
    "passes": 1,
    "pending": 0,
    "failures": 0,
    "start": "2025-05-28T18:54:12.810Z",
    "end": "2025-05-28T18:54:12.986Z",
    "duration": 176,
    "testsRegistered": 1,
    "passPercent": 100,
    "pendingPercent": 0,
    "other": 0,
    "hasOther": false,
    "skipped": 0,
    "hasSkipped": false
  },
  "results": [
    {
      "uuid": "f7a625d4-cd7d-4141-8fce-733c075f3f65",
      "title": "",
      "fullFile": "cypress/api/login-api.cy.js",
      "file": "cypress/api/login-api.cy.js",
      "beforeHooks": [],
      "afterHooks": [],
      "tests": [],
      "suites": [
        {
          "uuid": "47697347-9d17-44ed-af16-0f65ec973da2",
          "title": "Login with API request",
          "fullFile": "",
          "file": "",
          "beforeHooks": [],
          "afterHooks": [],
          "tests": [
            {
              "title": "Verify that the user can login with API request",
              "fullTitle": "Login with API request Verify that the user can login with API request",
              "timedOut": null,
              "duration": 158,
              "state": "passed",
              "speed": "fast",
              "pass": true,
              "fail": false,
              "pending": false,
              "context": "{\n  \"title\": \"cypress-mochawesome-reporter-videos-passed\",\n  \"value\": \"cypress/api/login-api.cy.js\"\n}",
              "code": "//Step 1: Login with API request\ncy.apiLogin().then(response => {\n  expect(response.status).to.eq(200);\n});",
              "err": {},
              "uuid": "158350d4-6357-47af-97a5-1af0f8aa056c",
              "parentUUID": "47697347-9d17-44ed-af16-0f65ec973da2",
              "isHook": false,
              "skipped": false
            }
          ],
          "suites": [],
          "passes": [
            "158350d4-6357-47af-97a5-1af0f8aa056c"
          ],
          "failures": [],
          "pending": [],
          "skipped": [],
          "duration": 158,
          "root": false,
          "rootEmpty": false,
          "_timeout": 2000
        }
      ],
      "passes": [],
      "failures": [],
      "pending": [],
      "skipped": [],
      "duration": 0,
      "root": true,
      "rootEmpty": true,
      "_timeout": 2000
    }
  ],
  "meta": {
    "mocha": {
      "version": "7.2.0"
    },
    "mochawesome": {
      "options": {
        "quiet": false,
        "reportFilename": "mochawesome",
        "saveHtml": true,
        "saveJson": true,
        "consoleReporter": "spec",
        "useInlineDiffs": false,
        "code": true
      },
      "version": "7.1.3"
    },
    "marge": {
      "options": null,
      "version": "6.2.0"
    }
  }
}